[debug] [2021-12-02T10:21:38.475Z] ----------------------------------------------------------------------
[debug] [2021-12-02T10:21:38.479Z] Command:       C:\Program Files\nodejs\node.exe C:\Users\USER\AppData\Roaming\npm\node_modules\firebase-tools\lib\bin\firebase.js init
[debug] [2021-12-02T10:21:38.480Z] CLI Version:   9.23.0
[debug] [2021-12-02T10:21:38.480Z] Platform:      win32
[debug] [2021-12-02T10:21:38.480Z] Node Version:  v14.17.6
[debug] [2021-12-02T10:21:38.485Z] Time:          Thu Dec 02 2021 18:21:38 GMT+0800 (Philippine Standard Time)
[debug] [2021-12-02T10:21:38.485Z] ----------------------------------------------------------------------
[debug] 
[debug] [2021-12-02T10:21:38.602Z] > command requires scopes: ["email","openid","https://www.googleapis.com/auth/cloudplatformprojects.readonly","https://www.googleapis.com/auth/firebase","https://www.googleapis.com/auth/cloud-platform"]
[debug] [2021-12-02T10:21:38.602Z] > authorizing via signed-in user (andrianelemento41@gmail.com)
[info] 
     ######## #### ########  ######## ########     ###     ######  ########
     ##        ##  ##     ## ##       ##     ##  ##   ##  ##       ##
     ######    ##  ########  ######   ########  #########  ######  ######
     ##        ##  ##    ##  ##       ##     ## ##     ##       ## ##
     ##       #### ##     ## ######## ########  ##     ##  ######  ########

You're about to initialize a Firebase project in this directory:

  C:\Users\USER\persoanl-portfolio-project

Before we get started, keep in mind:

  * You are initializing within an existing Firebase project directory

[info] 
=== Project Setup
[info] 
[info] First, let's associate this project directory with a Firebase project.
[info] You can create multiple project aliases by running firebase use --add, 
[info] but for now we'll just set up a default project.
[info] 
[info] i  .firebaserc already has a default project, using myportfolio-efbee. 
[debug] [2021-12-02T10:21:51.841Z] >>> [apiv2][query] GET https://firebase.googleapis.com/v1beta1/projects/myportfolio-efbee [none]
[debug] [2021-12-02T10:21:59.133Z] <<< [apiv2][status] GET https://firebase.googleapis.com/v1beta1/projects/myportfolio-efbee 200
[debug] [2021-12-02T10:21:59.134Z] <<< [apiv2][body] GET https://firebase.googleapis.com/v1beta1/projects/myportfolio-efbee {"projectId":"myportfolio-efbee","projectNumber":"725920096644","displayName":"Myportfolio","name":"projects/myportfolio-efbee","resources":{"hostingSite":"myportfolio-efbee"},"state":"ACTIVE"}
[info] 
=== Hosting Setup
[info] 
[info] Your public directory is the folder (relative to your project directory) that
[info] will contain Hosting assets to be uploaded with firebase deploy. If you
[info] have a build process for your assets, use your build's output directory.
[info] 
